<?xml version="1.0" encoding="UTF-8"?>
<!-- Generated by org.testng.reporters.JUnitReportReporter -->
<testsuite hostname="AkankshaS-PC" failures="0" tests="1" name="com.utils.BaseClass" time="10.595" errors="0" timestamp="2024-12-12T14:35:02 IST" skipped="0">
  <testcase classname="com.utils.BaseClass" name="ConfigureAppium" time="10.595"/>
  <system-out/>
</testsuite> <!-- com.utils.BaseClass -->
